Determining if the include file elf.h exists failed with the following output:
Change Dir: /Users/tmelnik/Desktop/infer/cpp-advanced-hse/build/CMakeFiles/CMakeTmp

Run Build Command(s):/usr/bin/make -f Makefile cmTC_ebf32/fast && /Library/Developer/CommandLineTools/usr/bin/make  -f CMakeFiles/cmTC_ebf32.dir/build.make CMakeFiles/cmTC_ebf32.dir/build
Building CXX object CMakeFiles/cmTC_ebf32.dir/CheckIncludeFile.cxx.o
/usr/bin/clang++   -Wall -Wextra -Wpedantic -g  -arch arm64 -isysroot /Library/Developer/CommandLineTools/SDKs/MacOSX14.4.sdk -fPIE -std=gnu++20 -MD -MT CMakeFiles/cmTC_ebf32.dir/CheckIncludeFile.cxx.o -MF CMakeFiles/cmTC_ebf32.dir/CheckIncludeFile.cxx.o.d -o CMakeFiles/cmTC_ebf32.dir/CheckIncludeFile.cxx.o -c /Users/tmelnik/Desktop/infer/cpp-advanced-hse/build/CMakeFiles/CMakeTmp/CheckIncludeFile.cxx
/Users/tmelnik/Desktop/infer/cpp-advanced-hse/build/CMakeFiles/CMakeTmp/CheckIncludeFile.cxx:1:10: fatal error: 'elf.h' file not found
#include <elf.h>
         ^~~~~~~
1 error generated.
make[1]: *** [CMakeFiles/cmTC_ebf32.dir/CheckIncludeFile.cxx.o] Error 1
make: *** [cmTC_ebf32/fast] Error 2



Determining if the include file link.h exists failed with the following output:
Change Dir: /Users/tmelnik/Desktop/infer/cpp-advanced-hse/build/CMakeFiles/CMakeTmp

Run Build Command(s):/usr/bin/make -f Makefile cmTC_602e6/fast && /Library/Developer/CommandLineTools/usr/bin/make  -f CMakeFiles/cmTC_602e6.dir/build.make CMakeFiles/cmTC_602e6.dir/build
Building CXX object CMakeFiles/cmTC_602e6.dir/CheckIncludeFile.cxx.o
/usr/bin/clang++   -Wall -Wextra -Wpedantic -g  -arch arm64 -isysroot /Library/Developer/CommandLineTools/SDKs/MacOSX14.4.sdk -fPIE -std=gnu++20 -MD -MT CMakeFiles/cmTC_602e6.dir/CheckIncludeFile.cxx.o -MF CMakeFiles/cmTC_602e6.dir/CheckIncludeFile.cxx.o.d -o CMakeFiles/cmTC_602e6.dir/CheckIncludeFile.cxx.o -c /Users/tmelnik/Desktop/infer/cpp-advanced-hse/build/CMakeFiles/CMakeTmp/CheckIncludeFile.cxx
/Users/tmelnik/Desktop/infer/cpp-advanced-hse/build/CMakeFiles/CMakeTmp/CheckIncludeFile.cxx:1:10: fatal error: 'link.h' file not found
#include <link.h>
         ^~~~~~~~
1 error generated.
make[1]: *** [CMakeFiles/cmTC_602e6.dir/CheckIncludeFile.cxx.o] Error 1
make: *** [cmTC_602e6/fast] Error 2



Determining if the include file sys/exec_elf.h exists failed with the following output:
Change Dir: /Users/tmelnik/Desktop/infer/cpp-advanced-hse/build/CMakeFiles/CMakeTmp

Run Build Command(s):/usr/bin/make -f Makefile cmTC_4f98a/fast && /Library/Developer/CommandLineTools/usr/bin/make  -f CMakeFiles/cmTC_4f98a.dir/build.make CMakeFiles/cmTC_4f98a.dir/build
Building CXX object CMakeFiles/cmTC_4f98a.dir/CheckIncludeFile.cxx.o
/usr/bin/clang++   -Wall -Wextra -Wpedantic -g  -arch arm64 -isysroot /Library/Developer/CommandLineTools/SDKs/MacOSX14.4.sdk -fPIE -std=gnu++20 -MD -MT CMakeFiles/cmTC_4f98a.dir/CheckIncludeFile.cxx.o -MF CMakeFiles/cmTC_4f98a.dir/CheckIncludeFile.cxx.o.d -o CMakeFiles/cmTC_4f98a.dir/CheckIncludeFile.cxx.o -c /Users/tmelnik/Desktop/infer/cpp-advanced-hse/build/CMakeFiles/CMakeTmp/CheckIncludeFile.cxx
/Users/tmelnik/Desktop/infer/cpp-advanced-hse/build/CMakeFiles/CMakeTmp/CheckIncludeFile.cxx:1:10: fatal error: 'sys/exec_elf.h' file not found
#include <sys/exec_elf.h>
         ^~~~~~~~~~~~~~~~
1 error generated.
make[1]: *** [CMakeFiles/cmTC_4f98a.dir/CheckIncludeFile.cxx.o] Error 1
make: *** [cmTC_4f98a/fast] Error 2



Determining if the include file syscall.h exists failed with the following output:
Change Dir: /Users/tmelnik/Desktop/infer/cpp-advanced-hse/build/CMakeFiles/CMakeTmp

Run Build Command(s):/usr/bin/make -f Makefile cmTC_9de98/fast && /Library/Developer/CommandLineTools/usr/bin/make  -f CMakeFiles/cmTC_9de98.dir/build.make CMakeFiles/cmTC_9de98.dir/build
Building CXX object CMakeFiles/cmTC_9de98.dir/CheckIncludeFile.cxx.o
/usr/bin/clang++   -Wall -Wextra -Wpedantic -g  -arch arm64 -isysroot /Library/Developer/CommandLineTools/SDKs/MacOSX14.4.sdk -fPIE -std=gnu++20 -MD -MT CMakeFiles/cmTC_9de98.dir/CheckIncludeFile.cxx.o -MF CMakeFiles/cmTC_9de98.dir/CheckIncludeFile.cxx.o.d -o CMakeFiles/cmTC_9de98.dir/CheckIncludeFile.cxx.o -c /Users/tmelnik/Desktop/infer/cpp-advanced-hse/build/CMakeFiles/CMakeTmp/CheckIncludeFile.cxx
/Users/tmelnik/Desktop/infer/cpp-advanced-hse/build/CMakeFiles/CMakeTmp/CheckIncludeFile.cxx:1:10: fatal error: 'syscall.h' file not found
#include <syscall.h>
         ^~~~~~~~~~~
1 error generated.
make[1]: *** [CMakeFiles/cmTC_9de98.dir/CheckIncludeFile.cxx.o] Error 1
make: *** [cmTC_9de98/fast] Error 2



Determining if the include file ucontext.h exists failed with the following output:
Change Dir: /Users/tmelnik/Desktop/infer/cpp-advanced-hse/build/CMakeFiles/CMakeTmp

Run Build Command(s):/usr/bin/make -f Makefile cmTC_7c676/fast && /Library/Developer/CommandLineTools/usr/bin/make  -f CMakeFiles/cmTC_7c676.dir/build.make CMakeFiles/cmTC_7c676.dir/build
Building CXX object CMakeFiles/cmTC_7c676.dir/CheckIncludeFile.cxx.o
/usr/bin/clang++   -Wall -Wextra -Wpedantic -g  -arch arm64 -isysroot /Library/Developer/CommandLineTools/SDKs/MacOSX14.4.sdk -fPIE -std=gnu++20 -MD -MT CMakeFiles/cmTC_7c676.dir/CheckIncludeFile.cxx.o -MF CMakeFiles/cmTC_7c676.dir/CheckIncludeFile.cxx.o.d -o CMakeFiles/cmTC_7c676.dir/CheckIncludeFile.cxx.o -c /Users/tmelnik/Desktop/infer/cpp-advanced-hse/build/CMakeFiles/CMakeTmp/CheckIncludeFile.cxx
In file included from /Users/tmelnik/Desktop/infer/cpp-advanced-hse/build/CMakeFiles/CMakeTmp/CheckIncludeFile.cxx:1:
/Library/Developer/CommandLineTools/SDKs/MacOSX14.4.sdk/usr/include/ucontext.h:51:2: error: The deprecated ucontext routines require _XOPEN_SOURCE to be defined
#error The deprecated ucontext routines require _XOPEN_SOURCE to be defined
 ^
1 error generated.
make[1]: *** [CMakeFiles/cmTC_7c676.dir/CheckIncludeFile.cxx.o] Error 1
make: *** [cmTC_7c676/fast] Error 2



Determining if the posix_fadvise exist failed with the following output:
Change Dir: /Users/tmelnik/Desktop/infer/cpp-advanced-hse/build/CMakeFiles/CMakeTmp

Run Build Command(s):/usr/bin/make -f Makefile cmTC_2c4de/fast && /Library/Developer/CommandLineTools/usr/bin/make  -f CMakeFiles/cmTC_2c4de.dir/build.make CMakeFiles/cmTC_2c4de.dir/build
Building CXX object CMakeFiles/cmTC_2c4de.dir/CheckSymbolExists.cxx.o
/usr/bin/clang++   -Wall -Wextra -Wpedantic -g  -arch arm64 -isysroot /Library/Developer/CommandLineTools/SDKs/MacOSX14.4.sdk -fPIE -std=gnu++20 -MD -MT CMakeFiles/cmTC_2c4de.dir/CheckSymbolExists.cxx.o -MF CMakeFiles/cmTC_2c4de.dir/CheckSymbolExists.cxx.o.d -o CMakeFiles/cmTC_2c4de.dir/CheckSymbolExists.cxx.o -c /Users/tmelnik/Desktop/infer/cpp-advanced-hse/build/CMakeFiles/CMakeTmp/CheckSymbolExists.cxx
/Users/tmelnik/Desktop/infer/cpp-advanced-hse/build/CMakeFiles/CMakeTmp/CheckSymbolExists.cxx:8:19: error: use of undeclared identifier 'posix_fadvise'
  return ((int*)(&posix_fadvise))[argc];
                  ^
1 error generated.
make[1]: *** [CMakeFiles/cmTC_2c4de.dir/CheckSymbolExists.cxx.o] Error 1
make: *** [cmTC_2c4de/fast] Error 2


File /Users/tmelnik/Desktop/infer/cpp-advanced-hse/build/CMakeFiles/CMakeTmp/CheckSymbolExists.cxx:
/* */
#include <fcntl.h>

int main(int argc, char** argv)
{
  (void)argv;
#ifndef posix_fadvise
  return ((int*)(&posix_fadvise))[argc];
#else
  (void)argc;
  return 0;
#endif
}
Determining if the _chsize_s exist failed with the following output:
Change Dir: /Users/tmelnik/Desktop/infer/cpp-advanced-hse/build/CMakeFiles/CMakeTmp

Run Build Command(s):/usr/bin/make -f Makefile cmTC_e5fe8/fast && /Library/Developer/CommandLineTools/usr/bin/make  -f CMakeFiles/cmTC_e5fe8.dir/build.make CMakeFiles/cmTC_e5fe8.dir/build
Building CXX object CMakeFiles/cmTC_e5fe8.dir/CheckSymbolExists.cxx.o
/usr/bin/clang++   -Wall -Wextra -Wpedantic -g  -arch arm64 -isysroot /Library/Developer/CommandLineTools/SDKs/MacOSX14.4.sdk -fPIE -std=gnu++20 -MD -MT CMakeFiles/cmTC_e5fe8.dir/CheckSymbolExists.cxx.o -MF CMakeFiles/cmTC_e5fe8.dir/CheckSymbolExists.cxx.o.d -o CMakeFiles/cmTC_e5fe8.dir/CheckSymbolExists.cxx.o -c /Users/tmelnik/Desktop/infer/cpp-advanced-hse/build/CMakeFiles/CMakeTmp/CheckSymbolExists.cxx
/Users/tmelnik/Desktop/infer/cpp-advanced-hse/build/CMakeFiles/CMakeTmp/CheckSymbolExists.cxx:2:10: fatal error: 'io.h' file not found
#include <io.h>
         ^~~~~~
1 error generated.
make[1]: *** [CMakeFiles/cmTC_e5fe8.dir/CheckSymbolExists.cxx.o] Error 1
make: *** [cmTC_e5fe8/fast] Error 2


File /Users/tmelnik/Desktop/infer/cpp-advanced-hse/build/CMakeFiles/CMakeTmp/CheckSymbolExists.cxx:
/* */
#include <io.h>

int main(int argc, char** argv)
{
  (void)argv;
#ifndef _chsize_s
  return ((int*)(&_chsize_s))[argc];
#else
  (void)argc;
  return 0;
#endif
}
Determining if the UnDecorateSymbolName exist failed with the following output:
Change Dir: /Users/tmelnik/Desktop/infer/cpp-advanced-hse/build/CMakeFiles/CMakeTmp

Run Build Command(s):/usr/bin/make -f Makefile cmTC_5f4cf/fast && /Library/Developer/CommandLineTools/usr/bin/make  -f CMakeFiles/cmTC_5f4cf.dir/build.make CMakeFiles/cmTC_5f4cf.dir/build
Building CXX object CMakeFiles/cmTC_5f4cf.dir/CheckSymbolExists.cxx.o
/usr/bin/clang++   -Wall -Wextra -Wpedantic -g  -arch arm64 -isysroot /Library/Developer/CommandLineTools/SDKs/MacOSX14.4.sdk -fPIE -std=gnu++20 -MD -MT CMakeFiles/cmTC_5f4cf.dir/CheckSymbolExists.cxx.o -MF CMakeFiles/cmTC_5f4cf.dir/CheckSymbolExists.cxx.o.d -o CMakeFiles/cmTC_5f4cf.dir/CheckSymbolExists.cxx.o -c /Users/tmelnik/Desktop/infer/cpp-advanced-hse/build/CMakeFiles/CMakeTmp/CheckSymbolExists.cxx
/Users/tmelnik/Desktop/infer/cpp-advanced-hse/build/CMakeFiles/CMakeTmp/CheckSymbolExists.cxx:2:10: fatal error: 'windows.h' file not found
#include <windows.h>
         ^~~~~~~~~~~
1 error generated.
make[1]: *** [CMakeFiles/cmTC_5f4cf.dir/CheckSymbolExists.cxx.o] Error 1
make: *** [cmTC_5f4cf/fast] Error 2


File /Users/tmelnik/Desktop/infer/cpp-advanced-hse/build/CMakeFiles/CMakeTmp/CheckSymbolExists.cxx:
/* */
#include <windows.h>
#include <dbghelp.h>

int main(int argc, char** argv)
{
  (void)argv;
#ifndef UnDecorateSymbolName
  return ((int*)(&UnDecorateSymbolName))[argc];
#else
  (void)argc;
  return 0;
#endif
}
Determining if the __argv exist failed with the following output:
Change Dir: /Users/tmelnik/Desktop/infer/cpp-advanced-hse/build/CMakeFiles/CMakeTmp

Run Build Command(s):/usr/bin/make -f Makefile cmTC_33ebd/fast && /Library/Developer/CommandLineTools/usr/bin/make  -f CMakeFiles/cmTC_33ebd.dir/build.make CMakeFiles/cmTC_33ebd.dir/build
Building CXX object CMakeFiles/cmTC_33ebd.dir/CheckSymbolExists.cxx.o
/usr/bin/clang++   -Wall -Wextra -Wpedantic -g  -arch arm64 -isysroot /Library/Developer/CommandLineTools/SDKs/MacOSX14.4.sdk -fPIE -std=gnu++20 -MD -MT CMakeFiles/cmTC_33ebd.dir/CheckSymbolExists.cxx.o -MF CMakeFiles/cmTC_33ebd.dir/CheckSymbolExists.cxx.o.d -o CMakeFiles/cmTC_33ebd.dir/CheckSymbolExists.cxx.o -c /Users/tmelnik/Desktop/infer/cpp-advanced-hse/build/CMakeFiles/CMakeTmp/CheckSymbolExists.cxx
/Users/tmelnik/Desktop/infer/cpp-advanced-hse/build/CMakeFiles/CMakeTmp/CheckSymbolExists.cxx:8:19: error: use of undeclared identifier '__argv'; did you mean 'argv'?
  return ((int*)(&__argv))[argc];
                  ^~~~~~
                  argv
/Users/tmelnik/Desktop/infer/cpp-advanced-hse/build/CMakeFiles/CMakeTmp/CheckSymbolExists.cxx:4:27: note: 'argv' declared here
int main(int argc, char** argv)
                          ^
1 error generated.
make[1]: *** [CMakeFiles/cmTC_33ebd.dir/CheckSymbolExists.cxx.o] Error 1
make: *** [cmTC_33ebd/fast] Error 2


File /Users/tmelnik/Desktop/infer/cpp-advanced-hse/build/CMakeFiles/CMakeTmp/CheckSymbolExists.cxx:
/* */
#include <cstdlib>

int main(int argc, char** argv)
{
  (void)argv;
#ifndef __argv
  return ((int*)(&__argv))[argc];
#else
  (void)argc;
  return 0;
#endif
}
Determining if the program_invocation_short_name exist failed with the following output:
Change Dir: /Users/tmelnik/Desktop/infer/cpp-advanced-hse/build/CMakeFiles/CMakeTmp

Run Build Command(s):/usr/bin/make -f Makefile cmTC_5fd9b/fast && /Library/Developer/CommandLineTools/usr/bin/make  -f CMakeFiles/cmTC_5fd9b.dir/build.make CMakeFiles/cmTC_5fd9b.dir/build
Building CXX object CMakeFiles/cmTC_5fd9b.dir/CheckSymbolExists.cxx.o
/usr/bin/clang++   -Wall -Wextra -Wpedantic -g  -arch arm64 -isysroot /Library/Developer/CommandLineTools/SDKs/MacOSX14.4.sdk -fPIE -std=gnu++20 -MD -MT CMakeFiles/cmTC_5fd9b.dir/CheckSymbolExists.cxx.o -MF CMakeFiles/cmTC_5fd9b.dir/CheckSymbolExists.cxx.o.d -o CMakeFiles/cmTC_5fd9b.dir/CheckSymbolExists.cxx.o -c /Users/tmelnik/Desktop/infer/cpp-advanced-hse/build/CMakeFiles/CMakeTmp/CheckSymbolExists.cxx
/Users/tmelnik/Desktop/infer/cpp-advanced-hse/build/CMakeFiles/CMakeTmp/CheckSymbolExists.cxx:8:19: error: use of undeclared identifier 'program_invocation_short_name'
  return ((int*)(&program_invocation_short_name))[argc];
                  ^
1 error generated.
make[1]: *** [CMakeFiles/cmTC_5fd9b.dir/CheckSymbolExists.cxx.o] Error 1
make: *** [cmTC_5fd9b/fast] Error 2


File /Users/tmelnik/Desktop/infer/cpp-advanced-hse/build/CMakeFiles/CMakeTmp/CheckSymbolExists.cxx:
/* */
#include <cerrno>

int main(int argc, char** argv)
{
  (void)argv;
#ifndef program_invocation_short_name
  return ((int*)(&program_invocation_short_name))[argc];
#else
  (void)argc;
  return 0;
#endif
}
Determining if the include file elf.h exists failed with the following output:
Change Dir: /Users/tmelnik/Desktop/infer/cpp-advanced-hse/build/CMakeFiles/CMakeTmp

Run Build Command(s):/usr/bin/make -f Makefile cmTC_0266a/fast && /Library/Developer/CommandLineTools/usr/bin/make  -f CMakeFiles/cmTC_0266a.dir/build.make CMakeFiles/cmTC_0266a.dir/build
Building CXX object CMakeFiles/cmTC_0266a.dir/CheckIncludeFile.cxx.o
/usr/bin/clang++   -Wall -Wextra -Wpedantic -g  -arch arm64 -isysroot /Library/Developer/CommandLineTools/SDKs/MacOSX15.2.sdk -mmacosx-version-min=14.5 -fPIE -std=gnu++20 -MD -MT CMakeFiles/cmTC_0266a.dir/CheckIncludeFile.cxx.o -MF CMakeFiles/cmTC_0266a.dir/CheckIncludeFile.cxx.o.d -o CMakeFiles/cmTC_0266a.dir/CheckIncludeFile.cxx.o -c /Users/tmelnik/Desktop/infer/cpp-advanced-hse/build/CMakeFiles/CMakeTmp/CheckIncludeFile.cxx
/Users/tmelnik/Desktop/infer/cpp-advanced-hse/build/CMakeFiles/CMakeTmp/CheckIncludeFile.cxx:1:10: fatal error: 'elf.h' file not found
    1 | #include <elf.h>
      |          ^~~~~~~
1 error generated.
make[1]: *** [CMakeFiles/cmTC_0266a.dir/CheckIncludeFile.cxx.o] Error 1
make: *** [cmTC_0266a/fast] Error 2



Determining if the include file link.h exists failed with the following output:
Change Dir: /Users/tmelnik/Desktop/infer/cpp-advanced-hse/build/CMakeFiles/CMakeTmp

Run Build Command(s):/usr/bin/make -f Makefile cmTC_4300c/fast && /Library/Developer/CommandLineTools/usr/bin/make  -f CMakeFiles/cmTC_4300c.dir/build.make CMakeFiles/cmTC_4300c.dir/build
Building CXX object CMakeFiles/cmTC_4300c.dir/CheckIncludeFile.cxx.o
/usr/bin/clang++   -Wall -Wextra -Wpedantic -g  -arch arm64 -isysroot /Library/Developer/CommandLineTools/SDKs/MacOSX15.2.sdk -mmacosx-version-min=14.5 -fPIE -std=gnu++20 -MD -MT CMakeFiles/cmTC_4300c.dir/CheckIncludeFile.cxx.o -MF CMakeFiles/cmTC_4300c.dir/CheckIncludeFile.cxx.o.d -o CMakeFiles/cmTC_4300c.dir/CheckIncludeFile.cxx.o -c /Users/tmelnik/Desktop/infer/cpp-advanced-hse/build/CMakeFiles/CMakeTmp/CheckIncludeFile.cxx
/Users/tmelnik/Desktop/infer/cpp-advanced-hse/build/CMakeFiles/CMakeTmp/CheckIncludeFile.cxx:1:10: fatal error: 'link.h' file not found
    1 | #include <link.h>
      |          ^~~~~~~~
1 error generated.
make[1]: *** [CMakeFiles/cmTC_4300c.dir/CheckIncludeFile.cxx.o] Error 1
make: *** [cmTC_4300c/fast] Error 2



Determining if the include file sys/exec_elf.h exists failed with the following output:
Change Dir: /Users/tmelnik/Desktop/infer/cpp-advanced-hse/build/CMakeFiles/CMakeTmp

Run Build Command(s):/usr/bin/make -f Makefile cmTC_323ac/fast && /Library/Developer/CommandLineTools/usr/bin/make  -f CMakeFiles/cmTC_323ac.dir/build.make CMakeFiles/cmTC_323ac.dir/build
Building CXX object CMakeFiles/cmTC_323ac.dir/CheckIncludeFile.cxx.o
/usr/bin/clang++   -Wall -Wextra -Wpedantic -g  -arch arm64 -isysroot /Library/Developer/CommandLineTools/SDKs/MacOSX15.2.sdk -mmacosx-version-min=14.5 -fPIE -std=gnu++20 -MD -MT CMakeFiles/cmTC_323ac.dir/CheckIncludeFile.cxx.o -MF CMakeFiles/cmTC_323ac.dir/CheckIncludeFile.cxx.o.d -o CMakeFiles/cmTC_323ac.dir/CheckIncludeFile.cxx.o -c /Users/tmelnik/Desktop/infer/cpp-advanced-hse/build/CMakeFiles/CMakeTmp/CheckIncludeFile.cxx
/Users/tmelnik/Desktop/infer/cpp-advanced-hse/build/CMakeFiles/CMakeTmp/CheckIncludeFile.cxx:1:10: fatal error: 'sys/exec_elf.h' file not found
    1 | #include <sys/exec_elf.h>
      |          ^~~~~~~~~~~~~~~~
1 error generated.
make[1]: *** [CMakeFiles/cmTC_323ac.dir/CheckIncludeFile.cxx.o] Error 1
make: *** [cmTC_323ac/fast] Error 2



Determining if the include file syscall.h exists failed with the following output:
Change Dir: /Users/tmelnik/Desktop/infer/cpp-advanced-hse/build/CMakeFiles/CMakeTmp

Run Build Command(s):/usr/bin/make -f Makefile cmTC_3ac1d/fast && /Library/Developer/CommandLineTools/usr/bin/make  -f CMakeFiles/cmTC_3ac1d.dir/build.make CMakeFiles/cmTC_3ac1d.dir/build
Building CXX object CMakeFiles/cmTC_3ac1d.dir/CheckIncludeFile.cxx.o
/usr/bin/clang++   -Wall -Wextra -Wpedantic -g  -arch arm64 -isysroot /Library/Developer/CommandLineTools/SDKs/MacOSX15.2.sdk -mmacosx-version-min=14.5 -fPIE -std=gnu++20 -MD -MT CMakeFiles/cmTC_3ac1d.dir/CheckIncludeFile.cxx.o -MF CMakeFiles/cmTC_3ac1d.dir/CheckIncludeFile.cxx.o.d -o CMakeFiles/cmTC_3ac1d.dir/CheckIncludeFile.cxx.o -c /Users/tmelnik/Desktop/infer/cpp-advanced-hse/build/CMakeFiles/CMakeTmp/CheckIncludeFile.cxx
/Users/tmelnik/Desktop/infer/cpp-advanced-hse/build/CMakeFiles/CMakeTmp/CheckIncludeFile.cxx:1:10: fatal error: 'syscall.h' file not found
    1 | #include <syscall.h>
      |          ^~~~~~~~~~~
1 error generated.
make[1]: *** [CMakeFiles/cmTC_3ac1d.dir/CheckIncludeFile.cxx.o] Error 1
make: *** [cmTC_3ac1d/fast] Error 2



Determining if the include file ucontext.h exists failed with the following output:
Change Dir: /Users/tmelnik/Desktop/infer/cpp-advanced-hse/build/CMakeFiles/CMakeTmp

Run Build Command(s):/usr/bin/make -f Makefile cmTC_abc6d/fast && /Library/Developer/CommandLineTools/usr/bin/make  -f CMakeFiles/cmTC_abc6d.dir/build.make CMakeFiles/cmTC_abc6d.dir/build
Building CXX object CMakeFiles/cmTC_abc6d.dir/CheckIncludeFile.cxx.o
/usr/bin/clang++   -Wall -Wextra -Wpedantic -g  -arch arm64 -isysroot /Library/Developer/CommandLineTools/SDKs/MacOSX15.2.sdk -mmacosx-version-min=14.5 -fPIE -std=gnu++20 -MD -MT CMakeFiles/cmTC_abc6d.dir/CheckIncludeFile.cxx.o -MF CMakeFiles/cmTC_abc6d.dir/CheckIncludeFile.cxx.o.d -o CMakeFiles/cmTC_abc6d.dir/CheckIncludeFile.cxx.o -c /Users/tmelnik/Desktop/infer/cpp-advanced-hse/build/CMakeFiles/CMakeTmp/CheckIncludeFile.cxx
In file included from /Users/tmelnik/Desktop/infer/cpp-advanced-hse/build/CMakeFiles/CMakeTmp/CheckIncludeFile.cxx:1:
/Library/Developer/CommandLineTools/SDKs/MacOSX15.2.sdk/usr/include/ucontext.h:51:2: error: The deprecated ucontext routines require _XOPEN_SOURCE to be defined
   51 | #error The deprecated ucontext routines require _XOPEN_SOURCE to be defined
      |  ^
1 error generated.
make[1]: *** [CMakeFiles/cmTC_abc6d.dir/CheckIncludeFile.cxx.o] Error 1
make: *** [cmTC_abc6d/fast] Error 2



Determining if the posix_fadvise exist failed with the following output:
Change Dir: /Users/tmelnik/Desktop/infer/cpp-advanced-hse/build/CMakeFiles/CMakeTmp

Run Build Command(s):/usr/bin/make -f Makefile cmTC_0945d/fast && /Library/Developer/CommandLineTools/usr/bin/make  -f CMakeFiles/cmTC_0945d.dir/build.make CMakeFiles/cmTC_0945d.dir/build
Building CXX object CMakeFiles/cmTC_0945d.dir/CheckSymbolExists.cxx.o
/usr/bin/clang++   -Wall -Wextra -Wpedantic -g  -arch arm64 -isysroot /Library/Developer/CommandLineTools/SDKs/MacOSX15.2.sdk -mmacosx-version-min=14.5 -fPIE -std=gnu++20 -MD -MT CMakeFiles/cmTC_0945d.dir/CheckSymbolExists.cxx.o -MF CMakeFiles/cmTC_0945d.dir/CheckSymbolExists.cxx.o.d -o CMakeFiles/cmTC_0945d.dir/CheckSymbolExists.cxx.o -c /Users/tmelnik/Desktop/infer/cpp-advanced-hse/build/CMakeFiles/CMakeTmp/CheckSymbolExists.cxx
/Users/tmelnik/Desktop/infer/cpp-advanced-hse/build/CMakeFiles/CMakeTmp/CheckSymbolExists.cxx:8:19: error: use of undeclared identifier 'posix_fadvise'
    8 |   return ((int*)(&posix_fadvise))[argc];
      |                   ^
1 error generated.
make[1]: *** [CMakeFiles/cmTC_0945d.dir/CheckSymbolExists.cxx.o] Error 1
make: *** [cmTC_0945d/fast] Error 2


File /Users/tmelnik/Desktop/infer/cpp-advanced-hse/build/CMakeFiles/CMakeTmp/CheckSymbolExists.cxx:
/* */
#include <fcntl.h>

int main(int argc, char** argv)
{
  (void)argv;
#ifndef posix_fadvise
  return ((int*)(&posix_fadvise))[argc];
#else
  (void)argc;
  return 0;
#endif
}
Determining if the _chsize_s exist failed with the following output:
Change Dir: /Users/tmelnik/Desktop/infer/cpp-advanced-hse/build/CMakeFiles/CMakeTmp

Run Build Command(s):/usr/bin/make -f Makefile cmTC_e1cb6/fast && /Library/Developer/CommandLineTools/usr/bin/make  -f CMakeFiles/cmTC_e1cb6.dir/build.make CMakeFiles/cmTC_e1cb6.dir/build
Building CXX object CMakeFiles/cmTC_e1cb6.dir/CheckSymbolExists.cxx.o
/usr/bin/clang++   -Wall -Wextra -Wpedantic -g  -arch arm64 -isysroot /Library/Developer/CommandLineTools/SDKs/MacOSX15.2.sdk -mmacosx-version-min=14.5 -fPIE -std=gnu++20 -MD -MT CMakeFiles/cmTC_e1cb6.dir/CheckSymbolExists.cxx.o -MF CMakeFiles/cmTC_e1cb6.dir/CheckSymbolExists.cxx.o.d -o CMakeFiles/cmTC_e1cb6.dir/CheckSymbolExists.cxx.o -c /Users/tmelnik/Desktop/infer/cpp-advanced-hse/build/CMakeFiles/CMakeTmp/CheckSymbolExists.cxx
/Users/tmelnik/Desktop/infer/cpp-advanced-hse/build/CMakeFiles/CMakeTmp/CheckSymbolExists.cxx:2:10: fatal error: 'io.h' file not found
    2 | #include <io.h>
      |          ^~~~~~
1 error generated.
make[1]: *** [CMakeFiles/cmTC_e1cb6.dir/CheckSymbolExists.cxx.o] Error 1
make: *** [cmTC_e1cb6/fast] Error 2


File /Users/tmelnik/Desktop/infer/cpp-advanced-hse/build/CMakeFiles/CMakeTmp/CheckSymbolExists.cxx:
/* */
#include <io.h>

int main(int argc, char** argv)
{
  (void)argv;
#ifndef _chsize_s
  return ((int*)(&_chsize_s))[argc];
#else
  (void)argc;
  return 0;
#endif
}
Determining if the UnDecorateSymbolName exist failed with the following output:
Change Dir: /Users/tmelnik/Desktop/infer/cpp-advanced-hse/build/CMakeFiles/CMakeTmp

Run Build Command(s):/usr/bin/make -f Makefile cmTC_9b32d/fast && /Library/Developer/CommandLineTools/usr/bin/make  -f CMakeFiles/cmTC_9b32d.dir/build.make CMakeFiles/cmTC_9b32d.dir/build
Building CXX object CMakeFiles/cmTC_9b32d.dir/CheckSymbolExists.cxx.o
/usr/bin/clang++   -Wall -Wextra -Wpedantic -g  -arch arm64 -isysroot /Library/Developer/CommandLineTools/SDKs/MacOSX15.2.sdk -mmacosx-version-min=14.5 -fPIE -std=gnu++20 -MD -MT CMakeFiles/cmTC_9b32d.dir/CheckSymbolExists.cxx.o -MF CMakeFiles/cmTC_9b32d.dir/CheckSymbolExists.cxx.o.d -o CMakeFiles/cmTC_9b32d.dir/CheckSymbolExists.cxx.o -c /Users/tmelnik/Desktop/infer/cpp-advanced-hse/build/CMakeFiles/CMakeTmp/CheckSymbolExists.cxx
/Users/tmelnik/Desktop/infer/cpp-advanced-hse/build/CMakeFiles/CMakeTmp/CheckSymbolExists.cxx:2:10: fatal error: 'windows.h' file not found
    2 | #include <windows.h>
      |          ^~~~~~~~~~~
1 error generated.
make[1]: *** [CMakeFiles/cmTC_9b32d.dir/CheckSymbolExists.cxx.o] Error 1
make: *** [cmTC_9b32d/fast] Error 2


File /Users/tmelnik/Desktop/infer/cpp-advanced-hse/build/CMakeFiles/CMakeTmp/CheckSymbolExists.cxx:
/* */
#include <windows.h>
#include <dbghelp.h>

int main(int argc, char** argv)
{
  (void)argv;
#ifndef UnDecorateSymbolName
  return ((int*)(&UnDecorateSymbolName))[argc];
#else
  (void)argc;
  return 0;
#endif
}
Determining if the __argv exist failed with the following output:
Change Dir: /Users/tmelnik/Desktop/infer/cpp-advanced-hse/build/CMakeFiles/CMakeTmp

Run Build Command(s):/usr/bin/make -f Makefile cmTC_e8def/fast && /Library/Developer/CommandLineTools/usr/bin/make  -f CMakeFiles/cmTC_e8def.dir/build.make CMakeFiles/cmTC_e8def.dir/build
Building CXX object CMakeFiles/cmTC_e8def.dir/CheckSymbolExists.cxx.o
/usr/bin/clang++   -Wall -Wextra -Wpedantic -g  -arch arm64 -isysroot /Library/Developer/CommandLineTools/SDKs/MacOSX15.2.sdk -mmacosx-version-min=14.5 -fPIE -std=gnu++20 -MD -MT CMakeFiles/cmTC_e8def.dir/CheckSymbolExists.cxx.o -MF CMakeFiles/cmTC_e8def.dir/CheckSymbolExists.cxx.o.d -o CMakeFiles/cmTC_e8def.dir/CheckSymbolExists.cxx.o -c /Users/tmelnik/Desktop/infer/cpp-advanced-hse/build/CMakeFiles/CMakeTmp/CheckSymbolExists.cxx
/Users/tmelnik/Desktop/infer/cpp-advanced-hse/build/CMakeFiles/CMakeTmp/CheckSymbolExists.cxx:8:19: error: use of undeclared identifier '__argv'; did you mean 'argv'?
    8 |   return ((int*)(&__argv))[argc];
      |                   ^~~~~~
      |                   argv
/Users/tmelnik/Desktop/infer/cpp-advanced-hse/build/CMakeFiles/CMakeTmp/CheckSymbolExists.cxx:4:27: note: 'argv' declared here
    4 | int main(int argc, char** argv)
      |                           ^
1 error generated.
make[1]: *** [CMakeFiles/cmTC_e8def.dir/CheckSymbolExists.cxx.o] Error 1
make: *** [cmTC_e8def/fast] Error 2


File /Users/tmelnik/Desktop/infer/cpp-advanced-hse/build/CMakeFiles/CMakeTmp/CheckSymbolExists.cxx:
/* */
#include <cstdlib>

int main(int argc, char** argv)
{
  (void)argv;
#ifndef __argv
  return ((int*)(&__argv))[argc];
#else
  (void)argc;
  return 0;
#endif
}
Determining if the program_invocation_short_name exist failed with the following output:
Change Dir: /Users/tmelnik/Desktop/infer/cpp-advanced-hse/build/CMakeFiles/CMakeTmp

Run Build Command(s):/usr/bin/make -f Makefile cmTC_94956/fast && /Library/Developer/CommandLineTools/usr/bin/make  -f CMakeFiles/cmTC_94956.dir/build.make CMakeFiles/cmTC_94956.dir/build
Building CXX object CMakeFiles/cmTC_94956.dir/CheckSymbolExists.cxx.o
/usr/bin/clang++   -Wall -Wextra -Wpedantic -g  -arch arm64 -isysroot /Library/Developer/CommandLineTools/SDKs/MacOSX15.2.sdk -mmacosx-version-min=14.5 -fPIE -std=gnu++20 -MD -MT CMakeFiles/cmTC_94956.dir/CheckSymbolExists.cxx.o -MF CMakeFiles/cmTC_94956.dir/CheckSymbolExists.cxx.o.d -o CMakeFiles/cmTC_94956.dir/CheckSymbolExists.cxx.o -c /Users/tmelnik/Desktop/infer/cpp-advanced-hse/build/CMakeFiles/CMakeTmp/CheckSymbolExists.cxx
/Users/tmelnik/Desktop/infer/cpp-advanced-hse/build/CMakeFiles/CMakeTmp/CheckSymbolExists.cxx:8:19: error: use of undeclared identifier 'program_invocation_short_name'
    8 |   return ((int*)(&program_invocation_short_name))[argc];
      |                   ^
1 error generated.
make[1]: *** [CMakeFiles/cmTC_94956.dir/CheckSymbolExists.cxx.o] Error 1
make: *** [cmTC_94956/fast] Error 2


File /Users/tmelnik/Desktop/infer/cpp-advanced-hse/build/CMakeFiles/CMakeTmp/CheckSymbolExists.cxx:
/* */
#include <cerrno>

int main(int argc, char** argv)
{
  (void)argv;
#ifndef program_invocation_short_name
  return ((int*)(&program_invocation_short_name))[argc];
#else
  (void)argc;
  return 0;
#endif
}
